L0005 0000           DEPTH: DOTEQU 8 ;
L0010 0000            ASEL: DOTFIELD 3 ;
L0011 0000            BSEL: DOTFIELD 3 ;
L0012 0000            DSEL: DOTFIELD 3 ;
L0013 0000            SSEL: DOTFIELD 4 ;
L0014 0000            HSEL: DOTFIELD 3 ;
L0015 0000            MUX1: DOTFIELD 1 ;
L0016 0000            MUX2: DOTFIELD 3 ;
L0017 0000            ADRS: DOTFIELD 8 ;
L0018 0000            MISC: DOTFIELD 4 ;
L0022 0000             INP: DOTEQU 0 ;
L0023 0000            NONE: DOTEQU 0 ;
L0024 0000              R1: DOTEQU 1 ;
L0025 0000              R2: DOTEQU 2 ;
L0026 0000              R3: DOTEQU 3 ;
L0027 0000              R4: DOTEQU 4 ;
L0028 0000              R5: DOTEQU 5 ;
L0029 0000              R6: DOTEQU 6 ;
L0030 0000              R7: DOTEQU 7 ;
L0031 0000              PC: DOTEQU 7 ;
L0032 0000              SP: DOTEQU 6 ;
L0033 0000              AC: DOTEQU 1 ;
L0034 0000               X: DOTEQU 2 ;
L0039 0000             TSF: DOTEQU 0 ;
L0040 0000             INC: DOTEQU 1 ;
L0041 0000             ADD: DOTEQU 2 ;
L0042 0000             SUB: DOTEQU 5 ;
L0043 0000             DEC: DOTEQU 6 ;
L0044 0000             TRC: DOTEQU 7 ;
L0045 0000             AND: DOTEQU 8 ;
L0046 0000              OR: DOTEQU 10 ;
L0047 0000             XOR: DOTEQU 12 ;
L0048 0000             COM: DOTEQU 14 ;
L0053 0000             NSH: DOTEQU 0 ;
L0054 0000             SHL: DOTEQU 1 ;
L0055 0000             SHR: DOTEQU 2 ;
L0056 0000            ZERO: DOTEQU 3 ;
L0057 0000             RLC: DOTEQU 4 ;
L0058 0000             ROL: DOTEQU 5 ;
L0059 0000             ROR: DOTEQU 6 ;
L0060 0000             RRC: DOTEQU 7 ;
L0067 0000             INT: DOTEQU 0 ;
L0068 0000             EXT: DOTEQU 1 ;
L0072 0000            NEXT: DOTEQU 0 ;
L0073 0000             LAD: DOTEQU 1 ;
L0074 0000              LC: DOTEQU 2 ;
L0075 0000             LNC: DOTEQU 3 ;
L0076 0000              LZ: DOTEQU 4 ;
L0077 0000             LNZ: DOTEQU 5 ;
L0078 0000              LS: DOTEQU 6 ;
L0079 0000              LV: DOTEQU 7 ;
L0082 0000            READ: DOTEQU 1 ;
L0083 0000           WRITE: DOTEQU 2 ;
L0084 0000           LDMAR: DOTEQU 4 ;
L0085 0000            LDIR: DOTEQU 8 ;
L0086 0000           FETCH: DOTEQU 9 ;
L0087 0000           DEREF: DOTEQU 5 ;
L0089 0000                  DOTMODULE "microcode_rom" ;
L0091 0000                  DOTORG 0 ;
L0093 0000           START: 7 \ 0 \ 1 \ 0 \ 3 \ 0 \ 0 \ 0 \ 4  ;
L0094 0001                  7 \ 0 \ 7 \ 1 \ 0 \ 0 \ 0 \ 0 \ 1  ;
L0095 0002                  0 \ 0 \ 0 \ 0 \ 0 \ 0 \ 0 \ 0 \ 1  ;
L0096 0003                  0 \ 0 \ 0 \ 0 \ 0 \ 0 \ 0 \ 0 \ 8  ;
L0097 0004                  0 \ 0 \ 0 \ 0 \ 0 \ 1 \ 1 \ 0 \ 0  ;
L0099 0008                  DOTORG 8 ;
L0100 0008                  0 \ 0 \ 0 \ 0 \ 0 \ 0 \ 1 \ 0 \ 0  ;
L0102 0010                  DOTORG 16 ;
L0103 0010                  7 \ 0 \ 0 \ 0 \ 0 \ 0 \ 0 \ 0 \ 4  ;
L0104 0011                  7 \ 0 \ 7 \ 1 \ 0 \ 0 \ 0 \ 0 \ 1  ;
L0105 0012                  0 \ 0 \ 0 \ 0 \ 0 \ 0 \ 0 \ 0 \ 1  ;
L0106 0013                  0 \ 0 \ 0 \ 0 \ 0 \ 0 \ 3 \ 0 \ 0  ;
L0107 0014                  0 \ 0 \ 7 \ 0 \ 0 \ 0 \ 1 \ 0 \ 0  ;
L0109 0018                  DOTORG 24 ;
L0110 0018                  7 \ 0 \ 0 \ 0 \ 0 \ 0 \ 0 \ 0 \ 4  ;
L0111 0019                  7 \ 0 \ 7 \ 1 \ 0 \ 0 \ 0 \ 0 \ 1  ;
L0112 001A                  0 \ 0 \ 0 \ 0 \ 0 \ 0 \ 0 \ 0 \ 1  ;
L0113 001B                  0 \ 0 \ 0 \ 0 \ 0 \ 0 \ 5 \ 0 \ 0  ;
L0114 001C                  0 \ 0 \ 7 \ 0 \ 0 \ 0 \ 1 \ 0 \ 0  ;
L0116 0020                  DOTORG 32 ;
L0117 0020                  7 \ 0 \ 0 \ 0 \ 0 \ 0 \ 0 \ 0 \ 4  ;
L0118 0021                  7 \ 0 \ 7 \ 1 \ 0 \ 0 \ 0 \ 0 \ 1  ;
L0119 0022                  0 \ 0 \ 0 \ 0 \ 0 \ 0 \ 0 \ 0 \ 1  ;
L0120 0023                  0 \ 0 \ 7 \ 0 \ 0 \ 0 \ 1 \ 0 \ 0  ;
L0122 0028                  DOTORG 40 ;
L0123 0028                  7 \ 0 \ 0 \ 0 \ 0 \ 0 \ 0 \ 0 \ 4  ;
L0124 0029                  7 \ 0 \ 7 \ 1 \ 0 \ 0 \ 0 \ 0 \ 1  ;
L0125 002A                  0 \ 0 \ 0 \ 0 \ 0 \ 0 \ 0 \ 0 \ 1  ;
L0126 002B                  0 \ 0 \ 0 \ 0 \ 0 \ 0 \ 0 \ 0 \ 4  ;
L0127 002C                  0 \ 0 \ 0 \ 0 \ 0 \ 0 \ 0 \ 0 \ 1  ;
L0128 002D                  0 \ 0 \ 0 \ 0 \ 0 \ 0 \ 0 \ 0 \ 1  ;
L0129 002E                  0 \ 0 \ 1 \ 0 \ 0 \ 0 \ 1 \ 0 \ 0  ;
L0131 0030                  DOTORG 48 ;
L0132 0030                  7 \ 0 \ 0 \ 0 \ 0 \ 0 \ 0 \ 0 \ 4  ;
L0133 0031                  7 \ 0 \ 7 \ 1 \ 0 \ 0 \ 0 \ 0 \ 1  ;
L0134 0032                  0 \ 0 \ 0 \ 0 \ 0 \ 0 \ 0 \ 0 \ 1  ;
L0135 0033                  0 \ 0 \ 1 \ 0 \ 0 \ 0 \ 1 \ 0 \ 0  ;
L0137 0038                  DOTORG 56 ;
L0138 0038                  7 \ 0 \ 0 \ 0 \ 0 \ 0 \ 0 \ 0 \ 4  ;
L0139 0039                  7 \ 0 \ 7 \ 1 \ 0 \ 0 \ 0 \ 0 \ 1  ;
L0140 003A                  0 \ 0 \ 0 \ 0 \ 0 \ 0 \ 0 \ 0 \ 1  ;
L0141 003B                  1 \ 0 \ 0 \ 0 \ 0 \ 0 \ 1 \ 0 \ 2  ;
L0143 0040                  DOTORG 64 ;
L0144 0040                  7 \ 0 \ 0 \ 0 \ 0 \ 0 \ 0 \ 0 \ 4  ;
L0145 0041                  7 \ 0 \ 7 \ 1 \ 0 \ 0 \ 0 \ 0 \ 1  ;
L0146 0042                  0 \ 0 \ 0 \ 0 \ 0 \ 0 \ 0 \ 0 \ 1  ;
L0147 0043                  1 \ 0 \ 1 \ 10 \ 0 \ 0 \ 1 \ 0 \ 0  ;
L0150 0048                  DOTORG 72 ;
L0151 0048                  7 \ 0 \ 0 \ 0 \ 0 \ 0 \ 0 \ 0 \ 4  ;
L0152 0049                  7 \ 0 \ 7 \ 1 \ 0 \ 0 \ 0 \ 0 \ 1  ;
L0153 004A                  0 \ 0 \ 0 \ 0 \ 0 \ 0 \ 0 \ 0 \ 1  ;
L0154 004B                  0 \ 0 \ 0 \ 3 \ 0 \ 0 \ 0 \ 0 \ 0  ;
L0155 004C                  6 \ 0 \ 6 \ 6 \ 0 \ 0 \ 0 \ 0 \ 0  ;
L0156 004D                  6 \ 0 \ 0 \ 0 \ 0 \ 0 \ 0 \ 0 \ 4  ;
L0157 004E                  7 \ 0 \ 0 \ 0 \ 0 \ 0 \ 0 \ 0 \ 2  ;
L0158 004F                  3 \ 0 \ 7 \ 0 \ 0 \ 0 \ 1 \ 0 \ 0  ;
L0161 0050                  DOTORG 80 ;
L0162 0050                  6 \ 0 \ 0 \ 0 \ 0 \ 0 \ 0 \ 0 \ 4  ;
L0163 0051                  6 \ 0 \ 6 \ 1 \ 0 \ 0 \ 0 \ 0 \ 1  ;
L0164 0052                  0 \ 0 \ 0 \ 0 \ 0 \ 0 \ 0 \ 0 \ 1  ;
L0165 0053                  0 \ 0 \ 7 \ 0 \ 0 \ 0 \ 0 \ 0 \ 0  ;
L0166 0054                  0 \ 0 \ 0 \ 0 \ 0 \ 0 \ 1 \ 0 \ 0  ;
L0169 0058                  DOTORG 88 ;
L0170 0058                  7 \ 0 \ 0 \ 0 \ 0 \ 0 \ 0 \ 0 \ 4  ;
L0171 0059                  7 \ 0 \ 7 \ 1 \ 0 \ 0 \ 0 \ 0 \ 1  ;
L0172 005A                  0 \ 0 \ 0 \ 0 \ 0 \ 0 \ 0 \ 0 \ 1  ;
L0173 005B                  0 \ 0 \ 2 \ 0 \ 0 \ 0 \ 1 \ 0 \ 0  ;
L0176 0060                  DOTORG 96 ;
L0177 0060                  6 \ 0 \ 6 \ 6 \ 0 \ 0 \ 0 \ 0 \ 0  ;
L0178 0061                  6 \ 0 \ 0 \ 0 \ 0 \ 0 \ 0 \ 0 \ 4  ;
L0179 0062                  1 \ 0 \ 0 \ 0 \ 0 \ 0 \ 0 \ 0 \ 2  ;
L0180 0063                  0 \ 0 \ 0 \ 0 \ 0 \ 0 \ 1 \ 0 \ 0  ;
L0182 0068                  DOTORG 104 ;
L0183 0068                  6 \ 0 \ 6 \ 1 \ 0 \ 0 \ 0 \ 0 \ 4  ;
L0184 0069                  0 \ 0 \ 0 \ 0 \ 0 \ 0 \ 0 \ 0 \ 1  ;
L0185 006A                  0 \ 0 \ 0 \ 0 \ 0 \ 0 \ 0 \ 0 \ 1  ;
L0186 006B                  0 \ 0 \ 1 \ 0 \ 0 \ 0 \ 1 \ 0 \ 0  ;
L0188 0070                  DOTORG 112 ;
L0189 0070                  2 \ 0 \ 2 \ 1 \ 0 \ 0 \ 1 \ 0 \ 0  ;
L0191 00FF                  DOTORG 255 ;
L0192 00FF                  0 \ 0 \ 0 \ 0 \ 0 \ 0 \ 0 \ 0 \ 0  ;
L0192 0100                  DOTEND  ;
